{"error":"context deadline exceeded","function":"http server shutdown","level":"fatal","msg":"","time":"2023-03-02T18:19:50Z"}
{"error":"context deadline exceeded","function":"http server shutdown","level":"fatal","msg":"","time":"2023-03-02T18:20:39Z"}
{"error":null,"function":"starting mysql database...","level":"fatal","msg":"","time":"2023-03-02T18:54:19Z"}
{"error":"dfd","function":"starting mysql database...","level":"fatal","msg":"","time":"2023-03-02T18:55:13Z"}
{"error":"context deadline exceeded","function":"http server shutdown","level":"fatal","msg":"","time":"2023-03-02T18:57:19Z"}
{"function":"database started successfully","level":"fatal","msg":"","time":"2023-03-02T18:57:25Z"}
{"error":"dfd","function":"starting mysql database...","level":"fatal","msg":"","time":"2023-03-02T18:57:40Z"}
{"error":null,"function":"starting mysql database...","level":"fatal","msg":"","time":"2023-03-02T18:58:30Z"}
{"function":"starting mysql database...","level":"fatal","msg":"","time":"2023-03-02T18:58:40Z"}
{"function":"database started successfully","level":"fatal","msg":"","time":"2023-03-02T18:58:54Z"}
{"error msg":"context deadline exceeded","function":"http server shutdown","level":"fatal","msg":"debug","time":"2023-03-02T18:59:38Z"}
{"error msg":"context deadline exceeded","function":"http server shutdown","level":"fatal","msg":"debug","time":"2023-03-02T18:59:59Z"}
{"error msg":"context deadline exceeded","function":"http server shutdown","level":"fatal","msg":"debug","time":"2023-03-03T08:35:48Z"}
{"error msg":"context deadline exceeded","function":"http server shutdown","level":"fatal","msg":"debug","time":"2023-03-03T08:37:28Z"}
{"error msg":"context deadline exceeded","function":"http server shutdown","level":"fatal","msg":"debug","time":"2023-03-03T08:38:46Z"}
{"error msg":"context deadline exceeded","function":"http server shutdown","level":"fatal","msg":"debug","time":"2023-03-03T08:39:32Z"}
{"error msg":"context deadline exceeded","function":"http server shutdown","level":"fatal","msg":"debug","time":"2023-03-03T08:40:53Z"}
{"error msg":"context deadline exceeded","function":"http server shutdown","level":"fatal","msg":"debug","time":"2023-03-03T08:47:54Z"}
{"error msg":"context deadline exceeded","function":"http server shutdown","level":"fatal","msg":"debug","time":"2023-03-03T09:23:13Z"}
{"error msg":"context deadline exceeded","function":"http server shutdown","level":"fatal","msg":"debug","time":"2023-03-03T15:14:35Z"}
{"error msg":"context deadline exceeded","function":"http server shutdown","level":"fatal","msg":"debug","time":"2023-03-03T15:15:20Z"}
{"error msg":"context deadline exceeded","function":"http server shutdown","level":"fatal","msg":"debug","time":"2023-03-03T15:18:42Z"}
{"error msg":"context deadline exceeded","function":"http server shutdown","level":"fatal","msg":"debug","time":"2023-03-03T15:19:36Z"}
{"error msg":"context deadline exceeded","function":"http server shutdown","level":"fatal","msg":"debug","time":"2023-03-03T16:03:00Z"}
{"error msg":"context deadline exceeded","function":"http server shutdown","level":"fatal","msg":"debug","time":"2023-03-03T16:04:02Z"}
{"error msg":"context deadline exceeded","function":"http server shutdown","level":"fatal","msg":"debug","time":"2023-03-03T16:10:30Z"}
{"error msg":"context deadline exceeded","function":"http server shutdown","level":"fatal","msg":"debug","time":"2023-03-03T16:14:02Z"}
{"error msg":"context deadline exceeded","function":"http server shutdown","level":"fatal","msg":"debug","time":"2023-03-03T16:16:58Z"}
{"error msg":"context deadline exceeded","function":"http server shutdown","level":"fatal","msg":"debug","time":"2023-03-03T16:22:57Z"}
{"error msg":"context deadline exceeded","function":"http server shutdown","level":"fatal","msg":"debug","time":"2023-03-03T16:24:27Z"}
{"error msg":"context deadline exceeded","function":"http server shutdown","level":"fatal","msg":"debug","time":"2023-03-03T16:28:19Z"}
{"error msg":"context deadline exceeded","function":"http server shutdown","level":"fatal","msg":"debug","time":"2023-03-03T16:43:01Z"}
{"error msg":"context deadline exceeded","function":"http server shutdown","level":"fatal","msg":"debug","time":"2023-03-03T16:57:58Z"}
{"error msg":"context deadline exceeded","function":"http server shutdown","level":"fatal","msg":"debug","time":"2023-03-03T17:07:08Z"}
{"error msg":"context deadline exceeded","function":"http server shutdown","level":"fatal","msg":"debug","time":"2023-03-03T17:11:30Z"}
{"error msg":"context deadline exceeded","function":"http server shutdown","level":"fatal","msg":"debug","time":"2023-03-03T17:16:50Z"}
{"error msg":"context deadline exceeded","function":"http server shutdown","level":"fatal","msg":"debug","time":"2023-03-03T17:24:17Z"}
{"error msg":"context deadline exceeded","function":"http server shutdown","level":"fatal","msg":"debug","time":"2023-03-03T17:27:09Z"}
{"error msg":"context deadline exceeded","function":"http server shutdown","level":"fatal","msg":"debug","time":"2023-03-03T17:29:40Z"}
{"error msg":"context deadline exceeded","function":"http server shutdown","level":"fatal","msg":"debug","time":"2023-03-03T18:20:28Z"}
{"error msg":"context deadline exceeded","function":"http server shutdown","level":"fatal","msg":"debug","time":"2023-03-03T18:33:27Z"}
{"error msg":"context deadline exceeded","function":"http server shutdown","level":"fatal","msg":"debug","time":"2023-03-03T18:34:48Z"}
{"error msg":"context deadline exceeded","function":"http server shutdown","level":"fatal","msg":"debug","time":"2023-03-03T18:37:57Z"}
{"error msg":"context deadline exceeded","function":"http server shutdown","level":"fatal","msg":"debug","time":"2023-03-03T18:41:43Z"}
{"error msg":"context deadline exceeded","function":"http server shutdown","level":"fatal","msg":"debug","time":"2023-03-03T18:57:15Z"}
